[0.000000] (-) TimerEvent: {}
[0.000195] (fr3_moveit_servo) JobQueued: {'identifier': 'fr3_moveit_servo', 'dependencies': OrderedDict()}
[0.000794] (fr3_moveit_servo) JobStarted: {'identifier': 'fr3_moveit_servo'}
[0.099849] (-) TimerEvent: {}
[0.200083] (-) TimerEvent: {}
[0.300269] (-) TimerEvent: {}
[0.400437] (-) TimerEvent: {}
[0.500614] (-) TimerEvent: {}
[0.531646] (fr3_moveit_servo) Command: {'cmd': ['/usr/bin/python3', '-W', 'ignore:setup.py install is deprecated', '-W', 'ignore:easy_install command is deprecated', 'setup.py', 'develop', '--editable', '--build-directory', '/workspace/build/fr3_moveit_servo/build', '--no-deps', 'symlink_data', '--force'], 'cwd': '/workspace/build/fr3_moveit_servo', 'env': {'HOSTNAME': 'runnervm7b5n9', 'SHLVL': '0', 'LD_LIBRARY_PATH': '/opt/ros/humble/franka/franka_robot_state_broadcaster/lib:/opt/ros/humble/franka/franka_example_controllers/lib:/opt/ros/humble/franka/franka_semantic_components/lib:/opt/ros/humble/franka/franka_ign_ros2_control/lib:/opt/ros/humble/franka/franka_hardware/lib:/opt/ros/humble/franka/franka_gripper/lib:/opt/ros/humble/franka/libfranka/lib:/opt/ros/humble/franka/integration_launch_testing/lib:/opt/ros/humble/franka/franka_msgs/lib:/opt/ros/humble/opt/rviz_ogre_vendor/lib:/opt/ros/humble/lib/x86_64-linux-gnu:/opt/ros/humble/lib', 'HOME': '/root', 'OLDPWD': '/', 'ROS_PYTHON_VERSION': '3', 'COLCON_PREFIX_PATH': '/opt/ros/humble/franka', 'ROS_DISTRO': 'humble', '_': '/usr/bin/colcon', 'ROS_VERSION': '2', 'PKG_CONFIG_PATH': '/opt/ros/humble/franka/libfranka/lib/x86_64-linux-gnu/pkgconfig:/opt/ros/humble/franka/libfranka/lib/pkgconfig', 'ROS_LOCALHOST_ONLY': '0', 'PATH': '/opt/ros/humble/franka/libfranka/bin:/opt/ros/humble/bin:/usr/local/sbin:/usr/local/bin:/usr/sbin:/usr/bin:/sbin:/bin', 'DISPLAY': '', 'LANG': 'C.UTF-8', 'RMW_IMPLEMENTATION': 'rmw_cyclonedds_cpp', 'ROS_DOMAIN_ID': '0', 'AMENT_PREFIX_PATH': '/opt/ros/humble/franka/franka_ros2:/opt/ros/humble/franka/franka_bringup:/opt/ros/humble/franka/franka_robot_state_broadcaster:/opt/ros/humble/franka/franka_example_controllers:/opt/ros/humble/franka/franka_semantic_components:/opt/ros/humble/franka/franka_gazebo_bringup:/opt/ros/humble/franka/franka_ign_ros2_control:/opt/ros/humble/franka/franka_fr3_moveit_config:/opt/ros/humble/franka/franka_hardware:/opt/ros/humble/franka/franka_gripper:/opt/ros/humble/franka/integration_launch_testing:/opt/ros/humble/franka/franka_msgs:/opt/ros/humble/franka/franka_description:/opt/ros/humble', 'PWD': '/workspace/build/fr3_moveit_servo', 'LC_ALL': 'C.UTF-8', 'PYTHONPATH': '/workspace/build/fr3_moveit_servo/prefix_override:/usr/lib/python3/dist-packages/colcon_core/task/python/colcon_distutils_commands:/workspace/install/fr3_moveit_servo/lib/python3.10/site-packages:/opt/ros/humble/franka/franka_gripper/local/lib/python3.10/dist-packages:/opt/ros/humble/franka/franka_msgs/local/lib/python3.10/dist-packages:/opt/ros/humble/lib/python3.10/site-packages:/opt/ros/humble/local/lib/python3.10/dist-packages', 'COLCON': '1', 'CMAKE_PREFIX_PATH': '/opt/ros/humble/franka/franka_ros2:/opt/ros/humble/franka/franka_bringup:/opt/ros/humble/franka/franka_robot_state_broadcaster:/opt/ros/humble/franka/franka_example_controllers:/opt/ros/humble/franka/franka_semantic_components:/opt/ros/humble/franka/franka_gazebo_bringup:/opt/ros/humble/franka/franka_ign_ros2_control:/opt/ros/humble/franka/franka_fr3_moveit_config:/opt/ros/humble/franka/franka_hardware:/opt/ros/humble/franka/franka_gripper:/opt/ros/humble/franka/libfranka:/opt/ros/humble/franka/integration_launch_testing:/opt/ros/humble/franka/franka_msgs:/opt/ros/humble/franka/franka_description'}, 'shell': False}
[0.600723] (-) TimerEvent: {}
[0.700880] (-) TimerEvent: {}
[0.747388] (fr3_moveit_servo) StdoutLine: {'line': b'running develop\n'}
[0.800985] (-) TimerEvent: {}
[0.860894] (fr3_moveit_servo) StdoutLine: {'line': b'running egg_info\n'}
[0.861064] (fr3_moveit_servo) StdoutLine: {'line': b'writing fr3_moveit_servo.egg-info/PKG-INFO\n'}
[0.861364] (fr3_moveit_servo) StdoutLine: {'line': b'writing dependency_links to fr3_moveit_servo.egg-info/dependency_links.txt\n'}
[0.861533] (fr3_moveit_servo) StdoutLine: {'line': b'writing entry points to fr3_moveit_servo.egg-info/entry_points.txt\n'}
[0.861797] (fr3_moveit_servo) StdoutLine: {'line': b'writing requirements to fr3_moveit_servo.egg-info/requires.txt\n'}
[0.861937] (fr3_moveit_servo) StdoutLine: {'line': b'writing top-level names to fr3_moveit_servo.egg-info/top_level.txt\n'}
[0.863190] (fr3_moveit_servo) StdoutLine: {'line': b"reading manifest file 'fr3_moveit_servo.egg-info/SOURCES.txt'\n"}
[0.863951] (fr3_moveit_servo) StdoutLine: {'line': b"writing manifest file 'fr3_moveit_servo.egg-info/SOURCES.txt'\n"}
[0.865079] (fr3_moveit_servo) StdoutLine: {'line': b'running build_ext\n'}
[0.865316] (fr3_moveit_servo) StdoutLine: {'line': b'Creating /workspace/install/fr3_moveit_servo/lib/python3.10/site-packages/fr3-moveit-servo.egg-link (link to .)\n'}
[0.866064] (fr3_moveit_servo) StdoutLine: {'line': b'Installing servo_test_client script to /workspace/install/fr3_moveit_servo/lib/fr3_moveit_servo\n'}
[0.866340] (fr3_moveit_servo) StdoutLine: {'line': b'\n'}
[0.866476] (fr3_moveit_servo) StdoutLine: {'line': b'Installed /workspace/build/fr3_moveit_servo\n'}
[0.866687] (fr3_moveit_servo) StdoutLine: {'line': b'running symlink_data\n'}
[0.866850] (fr3_moveit_servo) StdoutLine: {'line': b'symbolically linking /workspace/build/fr3_moveit_servo/resource/fr3_moveit_servo -> /workspace/install/fr3_moveit_servo/share/ament_index/resource_index/packages\n'}
[0.867070] (fr3_moveit_servo) StdoutLine: {'line': b'symbolically linking /workspace/build/fr3_moveit_servo/package.xml -> /workspace/install/fr3_moveit_servo/share/fr3_moveit_servo\n'}
[0.867255] (fr3_moveit_servo) StdoutLine: {'line': b'symbolically linking /workspace/build/fr3_moveit_servo/launch/fr3_moveit_servo.launch.py -> /workspace/install/fr3_moveit_servo/share/fr3_moveit_servo/launch\n'}
[0.867342] (fr3_moveit_servo) StdoutLine: {'line': b'symbolically linking /workspace/build/fr3_moveit_servo/config/fr3_servo_params.yaml -> /workspace/install/fr3_moveit_servo/share/fr3_moveit_servo/config\n'}
[0.886600] (fr3_moveit_servo) CommandEnded: {'returncode': 0}
[0.898627] (fr3_moveit_servo) JobEnded: {'identifier': 'fr3_moveit_servo', 'rc': 0}
[0.899115] (-) EventReactorShutdown: {}
