[0.000000] (-) TimerEvent: {}
[0.000068] (fr3_moveit_servo) JobQueued: {'identifier': 'fr3_moveit_servo', 'dependencies': OrderedDict()}
[0.000099] (fr3_moveit_servo) JobStarted: {'identifier': 'fr3_moveit_servo'}
[0.099159] (-) TimerEvent: {}
[0.199338] (-) TimerEvent: {}
[0.299490] (-) TimerEvent: {}
[0.399635] (-) TimerEvent: {}
[0.499773] (-) TimerEvent: {}
[0.521064] (fr3_moveit_servo) Command: {'cmd': ['/usr/bin/python3', '-W', 'ignore:setup.py install is deprecated', '-W', 'ignore:easy_install command is deprecated', 'setup.py', 'egg_info', '--egg-base', '../../build/fr3_moveit_servo', 'build', '--build-base', '/workspace/build/fr3_moveit_servo/build', 'install', '--record', '/workspace/build/fr3_moveit_servo/install.log', '--single-version-externally-managed', 'install_data'], 'cwd': '/workspace/src/fr3_moveit_servo', 'env': {'HOSTNAME': 'runnervm7b5n9', 'SHLVL': '0', 'LD_LIBRARY_PATH': '/opt/ros/humble/opt/rviz_ogre_vendor/lib:/opt/ros/humble/lib/x86_64-linux-gnu:/opt/ros/humble/lib', 'HOME': '/root', 'OLDPWD': '/', 'ROS_PYTHON_VERSION': '3', 'ROS_DISTRO': 'humble', '_': '/usr/bin/colcon', 'ROS_VERSION': '2', 'ROS_LOCALHOST_ONLY': '0', 'PATH': '/opt/ros/humble/bin:/usr/local/sbin:/usr/local/bin:/usr/sbin:/usr/bin:/sbin:/bin', 'DISPLAY': '', 'LANG': 'C.UTF-8', 'RMW_IMPLEMENTATION': 'rmw_cyclonedds_cpp', 'ROS_DOMAIN_ID': '0', 'AMENT_PREFIX_PATH': '/opt/ros/humble', 'PWD': '/workspace/build/fr3_moveit_servo', 'LC_ALL': 'C.UTF-8', 'PYTHONPATH': '/workspace/build/fr3_moveit_servo/prefix_override:/usr/lib/python3/dist-packages/colcon_core/task/python/colcon_distutils_commands:/workspace/install/fr3_moveit_servo/lib/python3.10/site-packages:/opt/ros/humble/lib/python3.10/site-packages:/opt/ros/humble/local/lib/python3.10/dist-packages', 'COLCON': '1'}, 'shell': False}
[0.599884] (-) TimerEvent: {}
[0.700051] (-) TimerEvent: {}
[0.715031] (fr3_moveit_servo) StdoutLine: {'line': b'running egg_info\n'}
[0.715650] (fr3_moveit_servo) StdoutLine: {'line': b'writing ../../build/fr3_moveit_servo/fr3_moveit_servo.egg-info/PKG-INFO\n'}
[0.715930] (fr3_moveit_servo) StdoutLine: {'line': b'writing dependency_links to ../../build/fr3_moveit_servo/fr3_moveit_servo.egg-info/dependency_links.txt\n'}
[0.716147] (fr3_moveit_servo) StdoutLine: {'line': b'writing entry points to ../../build/fr3_moveit_servo/fr3_moveit_servo.egg-info/entry_points.txt\n'}
[0.716390] (fr3_moveit_servo) StdoutLine: {'line': b'writing requirements to ../../build/fr3_moveit_servo/fr3_moveit_servo.egg-info/requires.txt\n'}
[0.716506] (fr3_moveit_servo) StdoutLine: {'line': b'writing top-level names to ../../build/fr3_moveit_servo/fr3_moveit_servo.egg-info/top_level.txt\n'}
[0.717995] (fr3_moveit_servo) StdoutLine: {'line': b"reading manifest file '../../build/fr3_moveit_servo/fr3_moveit_servo.egg-info/SOURCES.txt'\n"}
[0.718799] (fr3_moveit_servo) StdoutLine: {'line': b"writing manifest file '../../build/fr3_moveit_servo/fr3_moveit_servo.egg-info/SOURCES.txt'\n"}
[0.719038] (fr3_moveit_servo) StdoutLine: {'line': b'running build\n'}
[0.719142] (fr3_moveit_servo) StdoutLine: {'line': b'running build_py\n'}
[0.719323] (fr3_moveit_servo) StdoutLine: {'line': b'running install\n'}
[0.719677] (fr3_moveit_servo) StdoutLine: {'line': b'running install_lib\n'}
[0.720709] (fr3_moveit_servo) StdoutLine: {'line': b'running install_data\n'}
[0.720920] (fr3_moveit_servo) StdoutLine: {'line': b'copying launch/fr3_moveit_servo.launch.py -> /workspace/install/fr3_moveit_servo/share/fr3_moveit_servo/launch\n'}
[0.721162] (fr3_moveit_servo) StdoutLine: {'line': b'running install_egg_info\n'}
[0.722756] (fr3_moveit_servo) StdoutLine: {'line': b"removing '/workspace/install/fr3_moveit_servo/lib/python3.10/site-packages/fr3_moveit_servo-0.0.1-py3.10.egg-info' (and everything under it)\n"}
[0.723146] (fr3_moveit_servo) StdoutLine: {'line': b'Copying ../../build/fr3_moveit_servo/fr3_moveit_servo.egg-info to /workspace/install/fr3_moveit_servo/lib/python3.10/site-packages/fr3_moveit_servo-0.0.1-py3.10.egg-info\n'}
[0.724107] (fr3_moveit_servo) StdoutLine: {'line': b'running install_scripts\n'}
[0.742106] (fr3_moveit_servo) StdoutLine: {'line': b'Installing servo_test_client script to /workspace/install/fr3_moveit_servo/lib/fr3_moveit_servo\n'}
[0.742451] (fr3_moveit_servo) StdoutLine: {'line': b"writing list of installed files to '/workspace/build/fr3_moveit_servo/install.log'\n"}
[0.759370] (fr3_moveit_servo) CommandEnded: {'returncode': 0}
[0.770071] (fr3_moveit_servo) JobEnded: {'identifier': 'fr3_moveit_servo', 'rc': 0}
[0.770529] (-) EventReactorShutdown: {}
