[0.525s] Invoking command in '/workspace/src/fr3_moveit_servo': PYTHONPATH=/workspace/build/fr3_moveit_servo/prefix_override:/usr/lib/python3/dist-packages/colcon_core/task/python/colcon_distutils_commands:/workspace/install/fr3_moveit_servo/lib/python3.10/site-packages:${PYTHONPATH} /usr/bin/python3 -W ignore:setup.py install is deprecated -W ignore:easy_install command is deprecated setup.py egg_info --egg-base ../../build/fr3_moveit_servo build --build-base /workspace/build/fr3_moveit_servo/build install --record /workspace/build/fr3_moveit_servo/install.log --single-version-externally-managed install_data
[0.720s] running egg_info
[0.720s] creating ../../build/fr3_moveit_servo/fr3_moveit_servo.egg-info
[0.720s] writing ../../build/fr3_moveit_servo/fr3_moveit_servo.egg-info/PKG-INFO
[0.721s] writing dependency_links to ../../build/fr3_moveit_servo/fr3_moveit_servo.egg-info/dependency_links.txt
[0.721s] writing entry points to ../../build/fr3_moveit_servo/fr3_moveit_servo.egg-info/entry_points.txt
[0.721s] writing requirements to ../../build/fr3_moveit_servo/fr3_moveit_servo.egg-info/requires.txt
[0.721s] writing top-level names to ../../build/fr3_moveit_servo/fr3_moveit_servo.egg-info/top_level.txt
[0.721s] writing manifest file '../../build/fr3_moveit_servo/fr3_moveit_servo.egg-info/SOURCES.txt'
[0.722s] reading manifest file '../../build/fr3_moveit_servo/fr3_moveit_servo.egg-info/SOURCES.txt'
[0.723s] writing manifest file '../../build/fr3_moveit_servo/fr3_moveit_servo.egg-info/SOURCES.txt'
[0.723s] running build
[0.724s] running build_py
[0.724s] creating /workspace/build/fr3_moveit_servo/build
[0.724s] creating /workspace/build/fr3_moveit_servo/build/lib
[0.724s] creating /workspace/build/fr3_moveit_servo/build/lib/fr3_moveit_servo
[0.724s] copying fr3_moveit_servo/__init__.py -> /workspace/build/fr3_moveit_servo/build/lib/fr3_moveit_servo
[0.724s] copying fr3_moveit_servo/servo_test_client.py -> /workspace/build/fr3_moveit_servo/build/lib/fr3_moveit_servo
[0.724s] running install
[0.724s] running install_lib
[0.725s] creating /workspace/install/fr3_moveit_servo/lib/python3.10/site-packages/fr3_moveit_servo
[0.725s] copying /workspace/build/fr3_moveit_servo/build/lib/fr3_moveit_servo/__init__.py -> /workspace/install/fr3_moveit_servo/lib/python3.10/site-packages/fr3_moveit_servo
[0.725s] copying /workspace/build/fr3_moveit_servo/build/lib/fr3_moveit_servo/servo_test_client.py -> /workspace/install/fr3_moveit_servo/lib/python3.10/site-packages/fr3_moveit_servo
[0.725s] byte-compiling /workspace/install/fr3_moveit_servo/lib/python3.10/site-packages/fr3_moveit_servo/__init__.py to __init__.cpython-310.pyc
[0.725s] byte-compiling /workspace/install/fr3_moveit_servo/lib/python3.10/site-packages/fr3_moveit_servo/servo_test_client.py to servo_test_client.cpython-310.pyc
[0.726s] running install_data
[0.726s] creating /workspace/install/fr3_moveit_servo/share/ament_index
[0.727s] creating /workspace/install/fr3_moveit_servo/share/ament_index/resource_index
[0.727s] creating /workspace/install/fr3_moveit_servo/share/ament_index/resource_index/packages
[0.727s] copying resource/fr3_moveit_servo -> /workspace/install/fr3_moveit_servo/share/ament_index/resource_index/packages
[0.727s] copying package.xml -> /workspace/install/fr3_moveit_servo/share/fr3_moveit_servo
[0.727s] creating /workspace/install/fr3_moveit_servo/share/fr3_moveit_servo/launch
[0.727s] copying launch/fr3_moveit_servo.launch.py -> /workspace/install/fr3_moveit_servo/share/fr3_moveit_servo/launch
[0.727s] creating /workspace/install/fr3_moveit_servo/share/fr3_moveit_servo/config
[0.727s] copying config/fr3_servo_params.yaml -> /workspace/install/fr3_moveit_servo/share/fr3_moveit_servo/config
[0.727s] running install_egg_info
[0.729s] Copying ../../build/fr3_moveit_servo/fr3_moveit_servo.egg-info to /workspace/install/fr3_moveit_servo/lib/python3.10/site-packages/fr3_moveit_servo-0.0.1-py3.10.egg-info
[0.729s] running install_scripts
[0.747s] Installing servo_test_client script to /workspace/install/fr3_moveit_servo/lib/fr3_moveit_servo
[0.748s] writing list of installed files to '/workspace/build/fr3_moveit_servo/install.log'
[0.765s] Invoked command in '/workspace/src/fr3_moveit_servo' returned '0': PYTHONPATH=/workspace/build/fr3_moveit_servo/prefix_override:/usr/lib/python3/dist-packages/colcon_core/task/python/colcon_distutils_commands:/workspace/install/fr3_moveit_servo/lib/python3.10/site-packages:${PYTHONPATH} /usr/bin/python3 -W ignore:setup.py install is deprecated -W ignore:easy_install command is deprecated setup.py egg_info --egg-base ../../build/fr3_moveit_servo build --build-base /workspace/build/fr3_moveit_servo/build install --record /workspace/build/fr3_moveit_servo/install.log --single-version-externally-managed install_data
