[0.000000] (-) TimerEvent: {}
[0.000865] (fr3_moveit_servo) JobQueued: {'identifier': 'fr3_moveit_servo', 'dependencies': OrderedDict()}
[0.000901] (fr3_moveit_servo) JobStarted: {'identifier': 'fr3_moveit_servo'}
[0.099807] (-) TimerEvent: {}
[0.200031] (-) TimerEvent: {}
[0.300240] (-) TimerEvent: {}
[0.400449] (-) TimerEvent: {}
[0.500663] (-) TimerEvent: {}
[0.600851] (-) TimerEvent: {}
[0.618286] (fr3_moveit_servo) Command: {'cmd': ['/usr/bin/python3', '-W', 'ignore:setup.py install is deprecated', '-W', 'ignore:easy_install command is deprecated', 'setup.py', 'egg_info', '--egg-base', '../../build/fr3_moveit_servo', 'build', '--build-base', '/workspace/build/fr3_moveit_servo/build', 'install', '--record', '/workspace/build/fr3_moveit_servo/install.log', '--single-version-externally-managed', 'install_data'], 'cwd': '/workspace/src/fr3_moveit_servo', 'env': {'HOSTNAME': 'runnervm7b5n9', 'SHLVL': '0', 'LD_LIBRARY_PATH': '/opt/ros/humble/franka/franka_robot_state_broadcaster/lib:/opt/ros/humble/franka/franka_example_controllers/lib:/opt/ros/humble/franka/franka_semantic_components/lib:/opt/ros/humble/franka/franka_ign_ros2_control/lib:/opt/ros/humble/franka/franka_hardware/lib:/opt/ros/humble/franka/franka_gripper/lib:/opt/ros/humble/franka/libfranka/lib:/opt/ros/humble/franka/integration_launch_testing/lib:/opt/ros/humble/franka/franka_msgs/lib:/opt/ros/humble/opt/rviz_ogre_vendor/lib:/opt/ros/humble/lib/x86_64-linux-gnu:/opt/ros/humble/lib', 'HOME': '/root', 'OLDPWD': '/', 'ROS_PYTHON_VERSION': '3', 'COLCON_PREFIX_PATH': '/workspace/install:/opt/ros/humble/franka', 'ROS_DISTRO': 'humble', '_': '/usr/bin/colcon', 'ROS_VERSION': '2', 'PKG_CONFIG_PATH': '/opt/ros/humble/franka/libfranka/lib/x86_64-linux-gnu/pkgconfig:/opt/ros/humble/franka/libfranka/lib/pkgconfig', 'ROS_LOCALHOST_ONLY': '0', 'PATH': '/opt/ros/humble/franka/libfranka/bin:/opt/ros/humble/bin:/usr/local/sbin:/usr/local/bin:/usr/sbin:/usr/bin:/sbin:/bin', 'DISPLAY': '', 'LANG': 'C.UTF-8', 'RMW_IMPLEMENTATION': 'rmw_cyclonedds_cpp', 'ROS_DOMAIN_ID': '0', 'AMENT_PREFIX_PATH': '/workspace/install/fr3_moveit_servo:/opt/ros/humble/franka/franka_ros2:/opt/ros/humble/franka/franka_bringup:/opt/ros/humble/franka/franka_robot_state_broadcaster:/opt/ros/humble/franka/franka_example_controllers:/opt/ros/humble/franka/franka_semantic_components:/opt/ros/humble/franka/franka_gazebo_bringup:/opt/ros/humble/franka/franka_ign_ros2_control:/opt/ros/humble/franka/franka_fr3_moveit_config:/opt/ros/humble/franka/franka_hardware:/opt/ros/humble/franka/franka_gripper:/opt/ros/humble/franka/integration_launch_testing:/opt/ros/humble/franka/franka_msgs:/opt/ros/humble/franka/franka_description:/opt/ros/humble', 'PWD': '/workspace/build/fr3_moveit_servo', 'LC_ALL': 'C.UTF-8', 'PYTHONPATH': '/workspace/build/fr3_moveit_servo/prefix_override:/usr/lib/python3/dist-packages/colcon_core/task/python/colcon_distutils_commands:/workspace/install/fr3_moveit_servo/lib/python3.10/site-packages:/workspace/install/fr3_moveit_servo/lib/python3.10/site-packages:/opt/ros/humble/franka/franka_gripper/local/lib/python3.10/dist-packages:/opt/ros/humble/franka/franka_msgs/local/lib/python3.10/dist-packages:/opt/ros/humble/lib/python3.10/site-packages:/opt/ros/humble/local/lib/python3.10/dist-packages', 'COLCON': '1', 'CMAKE_PREFIX_PATH': '/opt/ros/humble/franka/franka_ros2:/opt/ros/humble/franka/franka_bringup:/opt/ros/humble/franka/franka_robot_state_broadcaster:/opt/ros/humble/franka/franka_example_controllers:/opt/ros/humble/franka/franka_semantic_components:/opt/ros/humble/franka/franka_gazebo_bringup:/opt/ros/humble/franka/franka_ign_ros2_control:/opt/ros/humble/franka/franka_fr3_moveit_config:/opt/ros/humble/franka/franka_hardware:/opt/ros/humble/franka/franka_gripper:/opt/ros/humble/franka/libfranka:/opt/ros/humble/franka/integration_launch_testing:/opt/ros/humble/franka/franka_msgs:/opt/ros/humble/franka/franka_description'}, 'shell': False}
[0.700957] (-) TimerEvent: {}
[0.801169] (-) TimerEvent: {}
[0.872176] (fr3_moveit_servo) StdoutLine: {'line': b'running egg_info\n'}
[0.872766] (fr3_moveit_servo) StdoutLine: {'line': b'writing ../../build/fr3_moveit_servo/fr3_moveit_servo.egg-info/PKG-INFO\n'}
[0.873269] (fr3_moveit_servo) StdoutLine: {'line': b'writing dependency_links to ../../build/fr3_moveit_servo/fr3_moveit_servo.egg-info/dependency_links.txt\n'}
[0.873464] (fr3_moveit_servo) StdoutLine: {'line': b'writing entry points to ../../build/fr3_moveit_servo/fr3_moveit_servo.egg-info/entry_points.txt\n'}
[0.873772] (fr3_moveit_servo) StdoutLine: {'line': b'writing requirements to ../../build/fr3_moveit_servo/fr3_moveit_servo.egg-info/requires.txt\n'}
[0.873875] (fr3_moveit_servo) StdoutLine: {'line': b'writing top-level names to ../../build/fr3_moveit_servo/fr3_moveit_servo.egg-info/top_level.txt\n'}
[0.875318] (fr3_moveit_servo) StdoutLine: {'line': b"reading manifest file '../../build/fr3_moveit_servo/fr3_moveit_servo.egg-info/SOURCES.txt'\n"}
[0.876152] (fr3_moveit_servo) StdoutLine: {'line': b"writing manifest file '../../build/fr3_moveit_servo/fr3_moveit_servo.egg-info/SOURCES.txt'\n"}
[0.876420] (fr3_moveit_servo) StdoutLine: {'line': b'running build\n'}
[0.876544] (fr3_moveit_servo) StdoutLine: {'line': b'running build_py\n'}
[0.876796] (fr3_moveit_servo) StdoutLine: {'line': b'copying fr3_moveit_servo/servo_test_client.py -> /workspace/build/fr3_moveit_servo/build/lib/fr3_moveit_servo\n'}
[0.877031] (fr3_moveit_servo) StdoutLine: {'line': b'running install\n'}
[0.877292] (fr3_moveit_servo) StdoutLine: {'line': b'running install_lib\n'}
[0.878001] (fr3_moveit_servo) StdoutLine: {'line': b'copying /workspace/build/fr3_moveit_servo/build/lib/fr3_moveit_servo/servo_test_client.py -> /workspace/install/fr3_moveit_servo/lib/python3.10/site-packages/fr3_moveit_servo\n'}
[0.878810] (fr3_moveit_servo) StdoutLine: {'line': b'byte-compiling /workspace/install/fr3_moveit_servo/lib/python3.10/site-packages/fr3_moveit_servo/servo_test_client.py to servo_test_client.cpython-310.pyc\n'}
[0.879918] (fr3_moveit_servo) StdoutLine: {'line': b'running install_data\n'}
[0.880174] (fr3_moveit_servo) StdoutLine: {'line': b'running install_egg_info\n'}
[0.882205] (fr3_moveit_servo) StdoutLine: {'line': b"removing '/workspace/install/fr3_moveit_servo/lib/python3.10/site-packages/fr3_moveit_servo-0.0.1-py3.10.egg-info' (and everything under it)\n"}
[0.882704] (fr3_moveit_servo) StdoutLine: {'line': b'Copying ../../build/fr3_moveit_servo/fr3_moveit_servo.egg-info to /workspace/install/fr3_moveit_servo/lib/python3.10/site-packages/fr3_moveit_servo-0.0.1-py3.10.egg-info\n'}
[0.883889] (fr3_moveit_servo) StdoutLine: {'line': b'running install_scripts\n'}
[0.901257] (-) TimerEvent: {}
[0.910075] (fr3_moveit_servo) StdoutLine: {'line': b'Installing servo_test_client script to /workspace/install/fr3_moveit_servo/lib/fr3_moveit_servo\n'}
[0.910420] (fr3_moveit_servo) StdoutLine: {'line': b"writing list of installed files to '/workspace/build/fr3_moveit_servo/install.log'\n"}
[0.934742] (fr3_moveit_servo) CommandEnded: {'returncode': 0}
[0.947239] (fr3_moveit_servo) JobEnded: {'identifier': 'fr3_moveit_servo', 'rc': 0}
[0.947538] (-) EventReactorShutdown: {}
