[0.532s] Invoking command in '/workspace/build/fr3_moveit_servo': PYTHONPATH=/workspace/build/fr3_moveit_servo/prefix_override:/usr/lib/python3/dist-packages/colcon_core/task/python/colcon_distutils_commands:/workspace/install/fr3_moveit_servo/lib/python3.10/site-packages:${PYTHONPATH} /usr/bin/python3 -W ignore:setup.py install is deprecated -W ignore:easy_install command is deprecated setup.py develop --editable --build-directory /workspace/build/fr3_moveit_servo/build --no-deps symlink_data --force
[0.747s] running develop
[0.860s] running egg_info
[0.860s] writing fr3_moveit_servo.egg-info/PKG-INFO
[0.861s] writing dependency_links to fr3_moveit_servo.egg-info/dependency_links.txt
[0.861s] writing entry points to fr3_moveit_servo.egg-info/entry_points.txt
[0.861s] writing requirements to fr3_moveit_servo.egg-info/requires.txt
[0.861s] writing top-level names to fr3_moveit_servo.egg-info/top_level.txt
[0.862s] reading manifest file 'fr3_moveit_servo.egg-info/SOURCES.txt'
[0.863s] writing manifest file 'fr3_moveit_servo.egg-info/SOURCES.txt'
[0.864s] running build_ext
[0.865s] Creating /workspace/install/fr3_moveit_servo/lib/python3.10/site-packages/fr3-moveit-servo.egg-link (link to .)
[0.865s] Installing servo_test_client script to /workspace/install/fr3_moveit_servo/lib/fr3_moveit_servo
[0.866s] 
[0.866s] Installed /workspace/build/fr3_moveit_servo
[0.866s] running symlink_data
[0.866s] symbolically linking /workspace/build/fr3_moveit_servo/resource/fr3_moveit_servo -> /workspace/install/fr3_moveit_servo/share/ament_index/resource_index/packages
[0.866s] symbolically linking /workspace/build/fr3_moveit_servo/package.xml -> /workspace/install/fr3_moveit_servo/share/fr3_moveit_servo
[0.867s] symbolically linking /workspace/build/fr3_moveit_servo/launch/fr3_moveit_servo.launch.py -> /workspace/install/fr3_moveit_servo/share/fr3_moveit_servo/launch
[0.867s] symbolically linking /workspace/build/fr3_moveit_servo/config/fr3_servo_params.yaml -> /workspace/install/fr3_moveit_servo/share/fr3_moveit_servo/config
[0.886s] Invoked command in '/workspace/build/fr3_moveit_servo' returned '0': PYTHONPATH=/workspace/build/fr3_moveit_servo/prefix_override:/usr/lib/python3/dist-packages/colcon_core/task/python/colcon_distutils_commands:/workspace/install/fr3_moveit_servo/lib/python3.10/site-packages:${PYTHONPATH} /usr/bin/python3 -W ignore:setup.py install is deprecated -W ignore:easy_install command is deprecated setup.py develop --editable --build-directory /workspace/build/fr3_moveit_servo/build --no-deps symlink_data --force
