[0.000000] (-) TimerEvent: {}
[0.000201] (fr3_moveit_servo) JobQueued: {'identifier': 'fr3_moveit_servo', 'dependencies': OrderedDict()}
[0.000806] (fr3_moveit_servo) JobStarted: {'identifier': 'fr3_moveit_servo'}
[0.099815] (-) TimerEvent: {}
[0.200008] (-) TimerEvent: {}
[0.300173] (-) TimerEvent: {}
[0.400346] (-) TimerEvent: {}
[0.500504] (-) TimerEvent: {}
[0.524725] (fr3_moveit_servo) Command: {'cmd': ['/usr/bin/python3', '-W', 'ignore:setup.py install is deprecated', '-W', 'ignore:easy_install command is deprecated', 'setup.py', 'egg_info', '--egg-base', '../../build/fr3_moveit_servo', 'build', '--build-base', '/workspace/build/fr3_moveit_servo/build', 'install', '--record', '/workspace/build/fr3_moveit_servo/install.log', '--single-version-externally-managed', 'install_data'], 'cwd': '/workspace/src/fr3_moveit_servo', 'env': {'HOSTNAME': 'runnervm7b5n9', 'SHLVL': '0', 'LD_LIBRARY_PATH': '/opt/ros/humble/opt/rviz_ogre_vendor/lib:/opt/ros/humble/lib/x86_64-linux-gnu:/opt/ros/humble/lib', 'HOME': '/root', 'OLDPWD': '/', 'ROS_PYTHON_VERSION': '3', 'ROS_DISTRO': 'humble', '_': '/usr/bin/colcon', 'ROS_VERSION': '2', 'ROS_LOCALHOST_ONLY': '0', 'PATH': '/opt/ros/humble/bin:/usr/local/sbin:/usr/local/bin:/usr/sbin:/usr/bin:/sbin:/bin', 'DISPLAY': '', 'LANG': 'C.UTF-8', 'RMW_IMPLEMENTATION': 'rmw_cyclonedds_cpp', 'ROS_DOMAIN_ID': '0', 'AMENT_PREFIX_PATH': '/opt/ros/humble', 'PWD': '/workspace/build/fr3_moveit_servo', 'LC_ALL': 'C.UTF-8', 'PYTHONPATH': '/workspace/build/fr3_moveit_servo/prefix_override:/usr/lib/python3/dist-packages/colcon_core/task/python/colcon_distutils_commands:/workspace/install/fr3_moveit_servo/lib/python3.10/site-packages:/opt/ros/humble/lib/python3.10/site-packages:/opt/ros/humble/local/lib/python3.10/dist-packages', 'COLCON': '1'}, 'shell': False}
[0.600617] (-) TimerEvent: {}
[0.700790] (-) TimerEvent: {}
[0.720639] (fr3_moveit_servo) StdoutLine: {'line': b'running egg_info\n'}
[0.721062] (fr3_moveit_servo) StdoutLine: {'line': b'creating ../../build/fr3_moveit_servo/fr3_moveit_servo.egg-info\n'}
[0.721225] (fr3_moveit_servo) StdoutLine: {'line': b'writing ../../build/fr3_moveit_servo/fr3_moveit_servo.egg-info/PKG-INFO\n'}
[0.721425] (fr3_moveit_servo) StdoutLine: {'line': b'writing dependency_links to ../../build/fr3_moveit_servo/fr3_moveit_servo.egg-info/dependency_links.txt\n'}
[0.721749] (fr3_moveit_servo) StdoutLine: {'line': b'writing entry points to ../../build/fr3_moveit_servo/fr3_moveit_servo.egg-info/entry_points.txt\n'}
[0.721868] (fr3_moveit_servo) StdoutLine: {'line': b'writing requirements to ../../build/fr3_moveit_servo/fr3_moveit_servo.egg-info/requires.txt\n'}
[0.722065] (fr3_moveit_servo) StdoutLine: {'line': b'writing top-level names to ../../build/fr3_moveit_servo/fr3_moveit_servo.egg-info/top_level.txt\n'}
[0.722123] (fr3_moveit_servo) StdoutLine: {'line': b"writing manifest file '../../build/fr3_moveit_servo/fr3_moveit_servo.egg-info/SOURCES.txt'\n"}
[0.723225] (fr3_moveit_servo) StdoutLine: {'line': b"reading manifest file '../../build/fr3_moveit_servo/fr3_moveit_servo.egg-info/SOURCES.txt'\n"}
[0.723835] (fr3_moveit_servo) StdoutLine: {'line': b"writing manifest file '../../build/fr3_moveit_servo/fr3_moveit_servo.egg-info/SOURCES.txt'\n"}
[0.724086] (fr3_moveit_servo) StdoutLine: {'line': b'running build\n'}
[0.724403] (fr3_moveit_servo) StdoutLine: {'line': b'running build_py\n'}
[0.724481] (fr3_moveit_servo) StdoutLine: {'line': b'creating /workspace/build/fr3_moveit_servo/build\n'}
[0.724663] (fr3_moveit_servo) StdoutLine: {'line': b'creating /workspace/build/fr3_moveit_servo/build/lib\n'}
[0.724718] (fr3_moveit_servo) StdoutLine: {'line': b'creating /workspace/build/fr3_moveit_servo/build/lib/fr3_moveit_servo\n'}
[0.724848] (fr3_moveit_servo) StdoutLine: {'line': b'copying fr3_moveit_servo/__init__.py -> /workspace/build/fr3_moveit_servo/build/lib/fr3_moveit_servo\n'}
[0.725036] (fr3_moveit_servo) StdoutLine: {'line': b'copying fr3_moveit_servo/servo_test_client.py -> /workspace/build/fr3_moveit_servo/build/lib/fr3_moveit_servo\n'}
[0.725090] (fr3_moveit_servo) StdoutLine: {'line': b'running install\n'}
[0.725145] (fr3_moveit_servo) StdoutLine: {'line': b'running install_lib\n'}
[0.725390] (fr3_moveit_servo) StdoutLine: {'line': b'creating /workspace/install/fr3_moveit_servo/lib/python3.10/site-packages/fr3_moveit_servo\n'}
[0.725673] (fr3_moveit_servo) StdoutLine: {'line': b'copying /workspace/build/fr3_moveit_servo/build/lib/fr3_moveit_servo/__init__.py -> /workspace/install/fr3_moveit_servo/lib/python3.10/site-packages/fr3_moveit_servo\n'}
[0.725748] (fr3_moveit_servo) StdoutLine: {'line': b'copying /workspace/build/fr3_moveit_servo/build/lib/fr3_moveit_servo/servo_test_client.py -> /workspace/install/fr3_moveit_servo/lib/python3.10/site-packages/fr3_moveit_servo\n'}
[0.726045] (fr3_moveit_servo) StdoutLine: {'line': b'byte-compiling /workspace/install/fr3_moveit_servo/lib/python3.10/site-packages/fr3_moveit_servo/__init__.py to __init__.cpython-310.pyc\n'}
[0.726255] (fr3_moveit_servo) StdoutLine: {'line': b'byte-compiling /workspace/install/fr3_moveit_servo/lib/python3.10/site-packages/fr3_moveit_servo/servo_test_client.py to servo_test_client.cpython-310.pyc\n'}
[0.726994] (fr3_moveit_servo) StdoutLine: {'line': b'running install_data\n'}
[0.727212] (fr3_moveit_servo) StdoutLine: {'line': b'creating /workspace/install/fr3_moveit_servo/share/ament_index\n'}
[0.727553] (fr3_moveit_servo) StdoutLine: {'line': b'creating /workspace/install/fr3_moveit_servo/share/ament_index/resource_index\n'}
[0.727746] (fr3_moveit_servo) StdoutLine: {'line': b'creating /workspace/install/fr3_moveit_servo/share/ament_index/resource_index/packages\n'}
[0.727986] (fr3_moveit_servo) StdoutLine: {'line': b'copying resource/fr3_moveit_servo -> /workspace/install/fr3_moveit_servo/share/ament_index/resource_index/packages\n'}
[0.728041] (fr3_moveit_servo) StdoutLine: {'line': b'copying package.xml -> /workspace/install/fr3_moveit_servo/share/fr3_moveit_servo\n'}
[0.728086] (fr3_moveit_servo) StdoutLine: {'line': b'creating /workspace/install/fr3_moveit_servo/share/fr3_moveit_servo/launch\n'}
[0.728128] (fr3_moveit_servo) StdoutLine: {'line': b'copying launch/fr3_moveit_servo.launch.py -> /workspace/install/fr3_moveit_servo/share/fr3_moveit_servo/launch\n'}
[0.728173] (fr3_moveit_servo) StdoutLine: {'line': b'creating /workspace/install/fr3_moveit_servo/share/fr3_moveit_servo/config\n'}
[0.728217] (fr3_moveit_servo) StdoutLine: {'line': b'copying config/fr3_servo_params.yaml -> /workspace/install/fr3_moveit_servo/share/fr3_moveit_servo/config\n'}
[0.728258] (fr3_moveit_servo) StdoutLine: {'line': b'running install_egg_info\n'}
[0.729336] (fr3_moveit_servo) StdoutLine: {'line': b'Copying ../../build/fr3_moveit_servo/fr3_moveit_servo.egg-info to /workspace/install/fr3_moveit_servo/lib/python3.10/site-packages/fr3_moveit_servo-0.0.1-py3.10.egg-info\n'}
[0.730235] (fr3_moveit_servo) StdoutLine: {'line': b'running install_scripts\n'}
[0.748205] (fr3_moveit_servo) StdoutLine: {'line': b'Installing servo_test_client script to /workspace/install/fr3_moveit_servo/lib/fr3_moveit_servo\n'}
[0.748479] (fr3_moveit_servo) StdoutLine: {'line': b"writing list of installed files to '/workspace/build/fr3_moveit_servo/install.log'\n"}
[0.765382] (fr3_moveit_servo) CommandEnded: {'returncode': 0}
[0.775440] (fr3_moveit_servo) JobEnded: {'identifier': 'fr3_moveit_servo', 'rc': 0}
[0.776017] (-) EventReactorShutdown: {}
