[0.619s] Invoking command in '/workspace/src/fr3_moveit_servo': PYTHONPATH=/workspace/build/fr3_moveit_servo/prefix_override:/usr/lib/python3/dist-packages/colcon_core/task/python/colcon_distutils_commands:/workspace/install/fr3_moveit_servo/lib/python3.10/site-packages:${PYTHONPATH} /usr/bin/python3 -W ignore:setup.py install is deprecated -W ignore:easy_install command is deprecated setup.py egg_info --egg-base ../../build/fr3_moveit_servo build --build-base /workspace/build/fr3_moveit_servo/build install --record /workspace/build/fr3_moveit_servo/install.log --single-version-externally-managed install_data
[0.871s] running egg_info
[0.872s] writing ../../build/fr3_moveit_servo/fr3_moveit_servo.egg-info/PKG-INFO
[0.873s] writing dependency_links to ../../build/fr3_moveit_servo/fr3_moveit_servo.egg-info/dependency_links.txt
[0.873s] writing entry points to ../../build/fr3_moveit_servo/fr3_moveit_servo.egg-info/entry_points.txt
[0.873s] writing requirements to ../../build/fr3_moveit_servo/fr3_moveit_servo.egg-info/requires.txt
[0.873s] writing top-level names to ../../build/fr3_moveit_servo/fr3_moveit_servo.egg-info/top_level.txt
[0.875s] reading manifest file '../../build/fr3_moveit_servo/fr3_moveit_servo.egg-info/SOURCES.txt'
[0.875s] writing manifest file '../../build/fr3_moveit_servo/fr3_moveit_servo.egg-info/SOURCES.txt'
[0.876s] running build
[0.876s] running build_py
[0.876s] copying fr3_moveit_servo/servo_test_client.py -> /workspace/build/fr3_moveit_servo/build/lib/fr3_moveit_servo
[0.876s] running install
[0.876s] running install_lib
[0.877s] copying /workspace/build/fr3_moveit_servo/build/lib/fr3_moveit_servo/servo_test_client.py -> /workspace/install/fr3_moveit_servo/lib/python3.10/site-packages/fr3_moveit_servo
[0.878s] byte-compiling /workspace/install/fr3_moveit_servo/lib/python3.10/site-packages/fr3_moveit_servo/servo_test_client.py to servo_test_client.cpython-310.pyc
[0.879s] running install_data
[0.879s] running install_egg_info
[0.881s] removing '/workspace/install/fr3_moveit_servo/lib/python3.10/site-packages/fr3_moveit_servo-0.0.1-py3.10.egg-info' (and everything under it)
[0.882s] Copying ../../build/fr3_moveit_servo/fr3_moveit_servo.egg-info to /workspace/install/fr3_moveit_servo/lib/python3.10/site-packages/fr3_moveit_servo-0.0.1-py3.10.egg-info
[0.883s] running install_scripts
[0.909s] Installing servo_test_client script to /workspace/install/fr3_moveit_servo/lib/fr3_moveit_servo
[0.910s] writing list of installed files to '/workspace/build/fr3_moveit_servo/install.log'
[0.934s] Invoked command in '/workspace/src/fr3_moveit_servo' returned '0': PYTHONPATH=/workspace/build/fr3_moveit_servo/prefix_override:/usr/lib/python3/dist-packages/colcon_core/task/python/colcon_distutils_commands:/workspace/install/fr3_moveit_servo/lib/python3.10/site-packages:${PYTHONPATH} /usr/bin/python3 -W ignore:setup.py install is deprecated -W ignore:easy_install command is deprecated setup.py egg_info --egg-base ../../build/fr3_moveit_servo build --build-base /workspace/build/fr3_moveit_servo/build install --record /workspace/build/fr3_moveit_servo/install.log --single-version-externally-managed install_data
