[0.533s] Invoking command in '/workspace/src/fr3_moveit_servo/build/fr3_moveit_servo': PYTHONPATH=/workspace/src/fr3_moveit_servo/build/fr3_moveit_servo/prefix_override:/usr/lib/python3/dist-packages/colcon_core/task/python/colcon_distutils_commands:/workspace/src/fr3_moveit_servo/install/fr3_moveit_servo/lib/python3.10/site-packages:${PYTHONPATH} /usr/bin/python3 -W ignore:setup.py install is deprecated -W ignore:easy_install command is deprecated setup.py develop --editable --build-directory /workspace/src/fr3_moveit_servo/build/fr3_moveit_servo/build --no-deps symlink_data
[0.752s] running develop
[0.871s] running egg_info
[0.871s] creating fr3_moveit_servo.egg-info
[0.871s] writing fr3_moveit_servo.egg-info/PKG-INFO
[0.872s] writing dependency_links to fr3_moveit_servo.egg-info/dependency_links.txt
[0.872s] writing entry points to fr3_moveit_servo.egg-info/entry_points.txt
[0.872s] writing requirements to fr3_moveit_servo.egg-info/requires.txt
[0.872s] writing top-level names to fr3_moveit_servo.egg-info/top_level.txt
[0.872s] writing manifest file 'fr3_moveit_servo.egg-info/SOURCES.txt'
[0.874s] reading manifest file 'fr3_moveit_servo.egg-info/SOURCES.txt'
[0.874s] writing manifest file 'fr3_moveit_servo.egg-info/SOURCES.txt'
[0.875s] running build_ext
[0.876s] Creating /workspace/src/fr3_moveit_servo/install/fr3_moveit_servo/lib/python3.10/site-packages/fr3-moveit-servo.egg-link (link to .)
[0.876s] Installing servo_test_client script to /workspace/src/fr3_moveit_servo/install/fr3_moveit_servo/lib/fr3_moveit_servo
[0.877s] 
[0.877s] Installed /workspace/src/fr3_moveit_servo/build/fr3_moveit_servo
[0.877s] running symlink_data
[0.877s] creating /workspace/src/fr3_moveit_servo/install/fr3_moveit_servo/share/ament_index
[0.877s] creating /workspace/src/fr3_moveit_servo/install/fr3_moveit_servo/share/ament_index/resource_index
[0.877s] creating /workspace/src/fr3_moveit_servo/install/fr3_moveit_servo/share/ament_index/resource_index/packages
[0.878s] symbolically linking /workspace/src/fr3_moveit_servo/build/fr3_moveit_servo/resource/fr3_moveit_servo -> /workspace/src/fr3_moveit_servo/install/fr3_moveit_servo/share/ament_index/resource_index/packages
[0.878s] symbolically linking /workspace/src/fr3_moveit_servo/build/fr3_moveit_servo/package.xml -> /workspace/src/fr3_moveit_servo/install/fr3_moveit_servo/share/fr3_moveit_servo
[0.878s] creating /workspace/src/fr3_moveit_servo/install/fr3_moveit_servo/share/fr3_moveit_servo/launch
[0.878s] symbolically linking /workspace/src/fr3_moveit_servo/build/fr3_moveit_servo/launch/fr3_moveit_servo.launch.py -> /workspace/src/fr3_moveit_servo/install/fr3_moveit_servo/share/fr3_moveit_servo/launch
[0.878s] creating /workspace/src/fr3_moveit_servo/install/fr3_moveit_servo/share/fr3_moveit_servo/config
[0.878s] symbolically linking /workspace/src/fr3_moveit_servo/build/fr3_moveit_servo/config/fr3_servo_params.yaml -> /workspace/src/fr3_moveit_servo/install/fr3_moveit_servo/share/fr3_moveit_servo/config
[0.898s] Invoked command in '/workspace/src/fr3_moveit_servo/build/fr3_moveit_servo' returned '0': PYTHONPATH=/workspace/src/fr3_moveit_servo/build/fr3_moveit_servo/prefix_override:/usr/lib/python3/dist-packages/colcon_core/task/python/colcon_distutils_commands:/workspace/src/fr3_moveit_servo/install/fr3_moveit_servo/lib/python3.10/site-packages:${PYTHONPATH} /usr/bin/python3 -W ignore:setup.py install is deprecated -W ignore:easy_install command is deprecated setup.py develop --editable --build-directory /workspace/src/fr3_moveit_servo/build/fr3_moveit_servo/build --no-deps symlink_data
