[0.120s] DEBUG:colcon:Command line arguments: ['/usr/bin/colcon', 'build', '--symlink-install']
[0.120s] DEBUG:colcon:Parsed command line arguments: Namespace(log_base=None, log_level=None, verb_name='build', build_base='build', install_base='install', merge_install=False, symlink_install=True, test_result_base=None, continue_on_error=False, executor='parallel', parallel_workers=4, event_handlers=None, ignore_user_meta=False, metas=['./colcon.meta'], base_paths=['.'], packages_ignore=None, packages_ignore_regex=None, paths=None, packages_up_to=None, packages_up_to_regex=None, packages_above=None, packages_above_and_dependencies=None, packages_above_depth=None, packages_select_by_dep=None, packages_skip_by_dep=None, packages_skip_up_to=None, packages_select_build_failed=False, packages_skip_build_finished=False, packages_select_test_failures=False, packages_skip_test_passed=False, packages_select=None, packages_skip=None, packages_select_regex=None, packages_skip_regex=None, packages_start=None, packages_end=None, cmake_args=None, cmake_target=None, cmake_target_skip_unavailable=False, cmake_clean_cache=False, cmake_clean_first=False, cmake_force_configure=False, ament_cmake_args=None, catkin_cmake_args=None, catkin_skip_building_tests=False, mixin_files=None, mixin=None, verb_parser=<colcon_mixin.mixin.mixin_argument.MixinArgumentDecorator object at 0x7fb714373220>, verb_extension=<colcon_core.verb.build.BuildVerb object at 0x7fb714372860>, main=<bound method BuildVerb.main of <colcon_core.verb.build.BuildVerb object at 0x7fb714372860>>, mixin_verb=('build',))
[0.259s] Level 1:colcon.colcon_core.package_discovery:discover_packages(colcon_meta) check parameters
[0.260s] INFO:colcon.colcon_metadata.package_discovery.colcon_meta:Using configuration from '/root/.colcon/metadata/default/Gazebo.meta'
[0.260s] INFO:colcon.colcon_metadata.package_discovery.colcon_meta:Using configuration from '/root/.colcon/metadata/default/fastdds.meta'
[0.261s] INFO:colcon.colcon_metadata.package_discovery.colcon_meta:Using configuration from '/root/.colcon/metadata/default/fastrtps.meta'
[0.261s] Level 1:colcon.colcon_core.package_discovery:discover_packages(recursive) check parameters
[0.261s] Level 1:colcon.colcon_core.package_discovery:discover_packages(ignore) check parameters
[0.261s] Level 1:colcon.colcon_core.package_discovery:discover_packages(path) check parameters
[0.261s] Level 1:colcon.colcon_core.package_discovery:discover_packages(colcon_meta) discover
[0.261s] Level 1:colcon.colcon_core.package_discovery:discover_packages(recursive) discover
[0.261s] INFO:colcon.colcon_core.package_discovery:Crawling recursively for packages in '/workspace'
[0.261s] Level 1:colcon.colcon_core.package_identification:_identify(.) by extensions ['ignore', 'ignore_ament_install']
[0.261s] Level 1:colcon.colcon_core.package_identification:_identify(.) by extension 'ignore'
[0.261s] Level 1:colcon.colcon_core.package_identification:_identify(.) by extension 'ignore_ament_install'
[0.261s] Level 1:colcon.colcon_core.package_identification:_identify(.) by extensions ['colcon_pkg']
[0.261s] Level 1:colcon.colcon_core.package_identification:_identify(.) by extension 'colcon_pkg'
[0.261s] Level 1:colcon.colcon_core.package_identification:_identify(.) by extensions ['colcon_meta']
[0.261s] Level 1:colcon.colcon_core.package_identification:_identify(.) by extension 'colcon_meta'
[0.261s] Level 1:colcon.colcon_core.package_identification:_identify(.) by extensions ['ros']
[0.261s] Level 1:colcon.colcon_core.package_identification:_identify(.) by extension 'ros'
[0.271s] Level 1:colcon.colcon_core.package_identification:_identify(.) by extensions ['cmake', 'python']
[0.272s] Level 1:colcon.colcon_core.package_identification:_identify(.) by extension 'cmake'
[0.272s] Level 1:colcon.colcon_core.package_identification:_identify(.) by extension 'python'
[0.272s] Level 1:colcon.colcon_core.package_identification:_identify(.) by extensions ['python_setup_py']
[0.272s] Level 1:colcon.colcon_core.package_identification:_identify(.) by extension 'python_setup_py'
[0.272s] Level 1:colcon.colcon_core.package_identification:_identify(build) by extensions ['ignore', 'ignore_ament_install']
[0.272s] Level 1:colcon.colcon_core.package_identification:_identify(build) by extension 'ignore'
[0.272s] Level 1:colcon.colcon_core.package_identification:_identify(build) ignored
[0.272s] Level 1:colcon.colcon_core.package_identification:_identify(install) by extensions ['ignore', 'ignore_ament_install']
[0.272s] Level 1:colcon.colcon_core.package_identification:_identify(install) by extension 'ignore'
[0.272s] Level 1:colcon.colcon_core.package_identification:_identify(install) ignored
[0.272s] Level 1:colcon.colcon_core.package_identification:_identify(log) by extensions ['ignore', 'ignore_ament_install']
[0.272s] Level 1:colcon.colcon_core.package_identification:_identify(log) by extension 'ignore'
[0.272s] Level 1:colcon.colcon_core.package_identification:_identify(log) ignored
[0.272s] Level 1:colcon.colcon_core.package_identification:_identify(src) by extensions ['ignore', 'ignore_ament_install']
[0.273s] Level 1:colcon.colcon_core.package_identification:_identify(src) by extension 'ignore'
[0.273s] Level 1:colcon.colcon_core.package_identification:_identify(src) by extension 'ignore_ament_install'
[0.273s] Level 1:colcon.colcon_core.package_identification:_identify(src) by extensions ['colcon_pkg']
[0.273s] Level 1:colcon.colcon_core.package_identification:_identify(src) by extension 'colcon_pkg'
[0.273s] Level 1:colcon.colcon_core.package_identification:_identify(src) by extensions ['colcon_meta']
[0.273s] Level 1:colcon.colcon_core.package_identification:_identify(src) by extension 'colcon_meta'
[0.273s] Level 1:colcon.colcon_core.package_identification:_identify(src) by extensions ['ros']
[0.273s] Level 1:colcon.colcon_core.package_identification:_identify(src) by extension 'ros'
[0.273s] Level 1:colcon.colcon_core.package_identification:_identify(src) by extensions ['cmake', 'python']
[0.273s] Level 1:colcon.colcon_core.package_identification:_identify(src) by extension 'cmake'
[0.273s] Level 1:colcon.colcon_core.package_identification:_identify(src) by extension 'python'
[0.273s] Level 1:colcon.colcon_core.package_identification:_identify(src) by extensions ['python_setup_py']
[0.273s] Level 1:colcon.colcon_core.package_identification:_identify(src) by extension 'python_setup_py'
[0.273s] Level 1:colcon.colcon_core.package_identification:_identify(src/fr3_moveit_servo) by extensions ['ignore', 'ignore_ament_install']
[0.273s] Level 1:colcon.colcon_core.package_identification:_identify(src/fr3_moveit_servo) by extension 'ignore'
[0.273s] Level 1:colcon.colcon_core.package_identification:_identify(src/fr3_moveit_servo) by extension 'ignore_ament_install'
[0.273s] Level 1:colcon.colcon_core.package_identification:_identify(src/fr3_moveit_servo) by extensions ['colcon_pkg']
[0.273s] Level 1:colcon.colcon_core.package_identification:_identify(src/fr3_moveit_servo) by extension 'colcon_pkg'
[0.273s] Level 1:colcon.colcon_core.package_identification:_identify(src/fr3_moveit_servo) by extensions ['colcon_meta']
[0.273s] Level 1:colcon.colcon_core.package_identification:_identify(src/fr3_moveit_servo) by extension 'colcon_meta'
[0.273s] Level 1:colcon.colcon_core.package_identification:_identify(src/fr3_moveit_servo) by extensions ['ros']
[0.273s] Level 1:colcon.colcon_core.package_identification:_identify(src/fr3_moveit_servo) by extension 'ros'
[0.276s] DEBUG:colcon.colcon_core.package_identification:Package 'src/fr3_moveit_servo' with type 'ros.ament_python' and name 'fr3_moveit_servo'
[0.276s] Level 1:colcon.colcon_core.package_discovery:discover_packages(recursive) using defaults
[0.276s] Level 1:colcon.colcon_core.package_discovery:discover_packages(ignore) discover
[0.276s] Level 1:colcon.colcon_core.package_discovery:discover_packages(ignore) using defaults
[0.276s] Level 1:colcon.colcon_core.package_discovery:discover_packages(path) discover
[0.276s] Level 1:colcon.colcon_core.package_discovery:discover_packages(path) using defaults
[0.295s] Level 5:colcon.colcon_core.verb:set package 'fr3_moveit_servo' build argument 'cmake_args' from command line to 'None'
[0.295s] Level 5:colcon.colcon_core.verb:set package 'fr3_moveit_servo' build argument 'cmake_target' from command line to 'None'
[0.295s] Level 5:colcon.colcon_core.verb:set package 'fr3_moveit_servo' build argument 'cmake_target_skip_unavailable' from command line to 'False'
[0.295s] Level 5:colcon.colcon_core.verb:set package 'fr3_moveit_servo' build argument 'cmake_clean_cache' from command line to 'False'
[0.295s] Level 5:colcon.colcon_core.verb:set package 'fr3_moveit_servo' build argument 'cmake_clean_first' from command line to 'False'
[0.295s] Level 5:colcon.colcon_core.verb:set package 'fr3_moveit_servo' build argument 'cmake_force_configure' from command line to 'False'
[0.295s] Level 5:colcon.colcon_core.verb:set package 'fr3_moveit_servo' build argument 'ament_cmake_args' from command line to 'None'
[0.295s] Level 5:colcon.colcon_core.verb:set package 'fr3_moveit_servo' build argument 'catkin_cmake_args' from command line to 'None'
[0.295s] Level 5:colcon.colcon_core.verb:set package 'fr3_moveit_servo' build argument 'catkin_skip_building_tests' from command line to 'False'
[0.295s] DEBUG:colcon.colcon_core.verb:Building package 'fr3_moveit_servo' with the following arguments: {'ament_cmake_args': None, 'build_base': '/workspace/build/fr3_moveit_servo', 'catkin_cmake_args': None, 'catkin_skip_building_tests': False, 'cmake_args': None, 'cmake_clean_cache': False, 'cmake_clean_first': False, 'cmake_force_configure': False, 'cmake_target': None, 'cmake_target_skip_unavailable': False, 'install_base': '/workspace/install/fr3_moveit_servo', 'merge_install': False, 'path': '/workspace/src/fr3_moveit_servo', 'symlink_install': True, 'test_result_base': None}
[0.295s] INFO:colcon.colcon_core.executor:Executing jobs using 'parallel' executor
[0.296s] DEBUG:colcon.colcon_parallel_executor.executor.parallel:run_until_complete
[0.296s] INFO:colcon.colcon_ros.task.ament_python.build:Building ROS package in '/workspace/src/fr3_moveit_servo' with build type 'ament_python'
[0.296s] Level 1:colcon.colcon_core.shell:create_environment_hook('fr3_moveit_servo', 'ament_prefix_path')
[0.298s] INFO:colcon.colcon_core.plugin_system:Skipping extension 'colcon_core.shell.bat': Not used on non-Windows systems
[0.299s] INFO:colcon.colcon_core.shell:Creating environment hook '/workspace/install/fr3_moveit_servo/share/fr3_moveit_servo/hook/ament_prefix_path.ps1'
[0.299s] INFO:colcon.colcon_core.shell:Creating environment descriptor '/workspace/install/fr3_moveit_servo/share/fr3_moveit_servo/hook/ament_prefix_path.dsv'
[0.300s] INFO:colcon.colcon_core.shell:Creating environment hook '/workspace/install/fr3_moveit_servo/share/fr3_moveit_servo/hook/ament_prefix_path.sh'
[0.300s] INFO:colcon.colcon_core.shell:Skip shell extension 'powershell' for command environment: Not usable outside of PowerShell
[0.301s] DEBUG:colcon.colcon_core.shell:Skip shell extension 'dsv' for command environment
[0.513s] INFO:colcon.colcon_core.task.python.build:Building Python package in '/workspace/src/fr3_moveit_servo'
[0.514s] INFO:colcon.colcon_core.shell:Skip shell extension 'powershell' for command environment: Not usable outside of PowerShell
[0.514s] DEBUG:colcon.colcon_core.shell:Skip shell extension 'dsv' for command environment
[0.831s] DEBUG:colcon.colcon_core.event_handler.log_command:Invoking command in '/workspace/build/fr3_moveit_servo': PYTHONPATH=/workspace/build/fr3_moveit_servo/prefix_override:/usr/lib/python3/dist-packages/colcon_core/task/python/colcon_distutils_commands:/workspace/install/fr3_moveit_servo/lib/python3.10/site-packages:${PYTHONPATH} /usr/bin/python3 -W ignore:setup.py install is deprecated -W ignore:easy_install command is deprecated setup.py develop --editable --build-directory /workspace/build/fr3_moveit_servo/build --no-deps symlink_data
[1.193s] Level 1:colcon.colcon_core.shell:create_environment_hook('fr3_moveit_servo', 'pythonpath_develop')
[1.194s] DEBUG:colcon.colcon_core.event_handler.log_command:Invoked command in '/workspace/build/fr3_moveit_servo' returned '0': PYTHONPATH=/workspace/build/fr3_moveit_servo/prefix_override:/usr/lib/python3/dist-packages/colcon_core/task/python/colcon_distutils_commands:/workspace/install/fr3_moveit_servo/lib/python3.10/site-packages:${PYTHONPATH} /usr/bin/python3 -W ignore:setup.py install is deprecated -W ignore:easy_install command is deprecated setup.py develop --editable --build-directory /workspace/build/fr3_moveit_servo/build --no-deps symlink_data
[1.194s] INFO:colcon.colcon_core.shell:Creating environment hook '/workspace/build/fr3_moveit_servo/share/fr3_moveit_servo/hook/pythonpath_develop.ps1'
[1.195s] INFO:colcon.colcon_core.shell:Creating environment descriptor '/workspace/build/fr3_moveit_servo/share/fr3_moveit_servo/hook/pythonpath_develop.dsv'
[1.195s] INFO:colcon.colcon_core.shell:Creating environment hook '/workspace/build/fr3_moveit_servo/share/fr3_moveit_servo/hook/pythonpath_develop.sh'
[1.198s] Level 1:colcon.colcon_core.environment:checking '/workspace/install/fr3_moveit_servo' for CMake module files
[1.198s] Level 1:colcon.colcon_core.environment:checking '/workspace/install/fr3_moveit_servo' for CMake config files
[1.199s] Level 1:colcon.colcon_core.environment:checking '/workspace/install/fr3_moveit_servo/lib'
[1.199s] Level 1:colcon.colcon_core.environment:checking '/workspace/install/fr3_moveit_servo/bin'
[1.199s] Level 1:colcon.colcon_core.environment:checking '/workspace/install/fr3_moveit_servo/lib/pkgconfig/fr3_moveit_servo.pc'
[1.199s] Level 1:colcon.colcon_core.environment:checking '/workspace/install/fr3_moveit_servo/lib/python3.10/site-packages'
[1.199s] Level 1:colcon.colcon_core.shell:create_environment_hook('fr3_moveit_servo', 'pythonpath')
[1.200s] INFO:colcon.colcon_core.shell:Creating environment hook '/workspace/install/fr3_moveit_servo/share/fr3_moveit_servo/hook/pythonpath.ps1'
[1.200s] INFO:colcon.colcon_core.shell:Creating environment descriptor '/workspace/install/fr3_moveit_servo/share/fr3_moveit_servo/hook/pythonpath.dsv'
[1.200s] INFO:colcon.colcon_core.shell:Creating environment hook '/workspace/install/fr3_moveit_servo/share/fr3_moveit_servo/hook/pythonpath.sh'
[1.201s] Level 1:colcon.colcon_core.environment:checking '/workspace/install/fr3_moveit_servo/bin'
[1.201s] Level 1:colcon.colcon_core.environment:create_environment_scripts_only(fr3_moveit_servo)
[1.201s] INFO:colcon.colcon_core.shell:Creating package script '/workspace/install/fr3_moveit_servo/share/fr3_moveit_servo/package.ps1'
[1.202s] INFO:colcon.colcon_core.shell:Creating package descriptor '/workspace/install/fr3_moveit_servo/share/fr3_moveit_servo/package.dsv'
[1.203s] INFO:colcon.colcon_core.shell:Creating package script '/workspace/install/fr3_moveit_servo/share/fr3_moveit_servo/package.sh'
[1.204s] INFO:colcon.colcon_core.shell:Creating package script '/workspace/install/fr3_moveit_servo/share/fr3_moveit_servo/package.bash'
[1.204s] INFO:colcon.colcon_core.shell:Creating package script '/workspace/install/fr3_moveit_servo/share/fr3_moveit_servo/package.zsh'
[1.205s] Level 1:colcon.colcon_core.environment:create_file_with_runtime_dependencies(/workspace/install/fr3_moveit_servo/share/colcon-core/packages/fr3_moveit_servo)
[1.206s] DEBUG:colcon.colcon_parallel_executor.executor.parallel:closing loop
[1.206s] DEBUG:colcon.colcon_parallel_executor.executor.parallel:loop closed
[1.206s] DEBUG:colcon.colcon_parallel_executor.executor.parallel:run_until_complete finished with '0'
[1.206s] DEBUG:colcon.colcon_core.event_reactor:joining thread
[1.211s] INFO:colcon.colcon_core.plugin_system:Skipping extension 'colcon_notification.desktop_notification.notify_send': Could not find 'notify-send'
[1.211s] INFO:colcon.colcon_core.plugin_system:Skipping extension 'colcon_notification.desktop_notification.terminal_notifier': Not used on non-Darwin systems
[1.211s] INFO:colcon.colcon_core.plugin_system:Skipping extension 'colcon_notification.desktop_notification.win32': Not used on non-Windows systems
[1.211s] INFO:colcon.colcon_notification.desktop_notification:Sending desktop notification using 'notify2'
[1.212s] DEBUG:colcon.colcon_notification.desktop_notification.notify2:Failed to initialize notify2: org.freedesktop.DBus.Error.NotSupported: Unable to autolaunch a dbus-daemon without a $DISPLAY for X11
[1.212s] DEBUG:colcon.colcon_core.event_reactor:joined thread
[1.212s] INFO:colcon.colcon_core.shell:Creating prefix script '/workspace/install/local_setup.ps1'
[1.213s] INFO:colcon.colcon_core.shell:Creating prefix util module '/workspace/install/_local_setup_util_ps1.py'
[1.214s] INFO:colcon.colcon_core.shell:Creating prefix chain script '/workspace/install/setup.ps1'
[1.216s] INFO:colcon.colcon_core.shell:Creating prefix script '/workspace/install/local_setup.sh'
[1.216s] INFO:colcon.colcon_core.shell:Creating prefix util module '/workspace/install/_local_setup_util_sh.py'
[1.217s] INFO:colcon.colcon_core.shell:Creating prefix chain script '/workspace/install/setup.sh'
[1.218s] INFO:colcon.colcon_core.shell:Creating prefix script '/workspace/install/local_setup.bash'
[1.219s] INFO:colcon.colcon_core.shell:Creating prefix chain script '/workspace/install/setup.bash'
[1.220s] INFO:colcon.colcon_core.shell:Creating prefix script '/workspace/install/local_setup.zsh'
[1.221s] INFO:colcon.colcon_core.shell:Creating prefix chain script '/workspace/install/setup.zsh'
