[0.517s] Invoking command in '/workspace/src/fr3_moveit_servo': PYTHONPATH=/workspace/build/fr3_moveit_servo/prefix_override:/usr/lib/python3/dist-packages/colcon_core/task/python/colcon_distutils_commands:/workspace/install/fr3_moveit_servo/lib/python3.10/site-packages:${PYTHONPATH} /usr/bin/python3 -W ignore:setup.py install is deprecated -W ignore:easy_install command is deprecated setup.py egg_info --egg-base ../../build/fr3_moveit_servo build --build-base /workspace/build/fr3_moveit_servo/build install --record /workspace/build/fr3_moveit_servo/install.log --single-version-externally-managed install_data
[0.712s] running egg_info
[0.713s] writing ../../build/fr3_moveit_servo/fr3_moveit_servo.egg-info/PKG-INFO
[0.713s] writing dependency_links to ../../build/fr3_moveit_servo/fr3_moveit_servo.egg-info/dependency_links.txt
[0.713s] writing entry points to ../../build/fr3_moveit_servo/fr3_moveit_servo.egg-info/entry_points.txt
[0.713s] writing requirements to ../../build/fr3_moveit_servo/fr3_moveit_servo.egg-info/requires.txt
[0.713s] writing top-level names to ../../build/fr3_moveit_servo/fr3_moveit_servo.egg-info/top_level.txt
[0.715s] reading manifest file '../../build/fr3_moveit_servo/fr3_moveit_servo.egg-info/SOURCES.txt'
[0.715s] writing manifest file '../../build/fr3_moveit_servo/fr3_moveit_servo.egg-info/SOURCES.txt'
[0.716s] running build
[0.716s] running build_py
[0.716s] running install
[0.716s] running install_lib
[0.717s] running install_data
[0.717s] copying launch/fr3_moveit_servo.launch.py -> /workspace/install/fr3_moveit_servo/share/fr3_moveit_servo/launch
[0.717s] running install_egg_info
[0.719s] removing '/workspace/install/fr3_moveit_servo/lib/python3.10/site-packages/fr3_moveit_servo-0.0.1-py3.10.egg-info' (and everything under it)
[0.719s] Copying ../../build/fr3_moveit_servo/fr3_moveit_servo.egg-info to /workspace/install/fr3_moveit_servo/lib/python3.10/site-packages/fr3_moveit_servo-0.0.1-py3.10.egg-info
[0.720s] running install_scripts
[0.738s] Installing servo_test_client script to /workspace/install/fr3_moveit_servo/lib/fr3_moveit_servo
[0.738s] writing list of installed files to '/workspace/build/fr3_moveit_servo/install.log'
[0.754s] Invoked command in '/workspace/src/fr3_moveit_servo' returned '0': PYTHONPATH=/workspace/build/fr3_moveit_servo/prefix_override:/usr/lib/python3/dist-packages/colcon_core/task/python/colcon_distutils_commands:/workspace/install/fr3_moveit_servo/lib/python3.10/site-packages:${PYTHONPATH} /usr/bin/python3 -W ignore:setup.py install is deprecated -W ignore:easy_install command is deprecated setup.py egg_info --egg-base ../../build/fr3_moveit_servo build --build-base /workspace/build/fr3_moveit_servo/build install --record /workspace/build/fr3_moveit_servo/install.log --single-version-externally-managed install_data
