running egg_info
writing ../../build/fr3_moveit_servo/fr3_moveit_servo.egg-info/PKG-INFO
writing dependency_links to ../../build/fr3_moveit_servo/fr3_moveit_servo.egg-info/dependency_links.txt
writing entry points to ../../build/fr3_moveit_servo/fr3_moveit_servo.egg-info/entry_points.txt
writing requirements to ../../build/fr3_moveit_servo/fr3_moveit_servo.egg-info/requires.txt
writing top-level names to ../../build/fr3_moveit_servo/fr3_moveit_servo.egg-info/top_level.txt
reading manifest file '../../build/fr3_moveit_servo/fr3_moveit_servo.egg-info/SOURCES.txt'
writing manifest file '../../build/fr3_moveit_servo/fr3_moveit_servo.egg-info/SOURCES.txt'
running build
running build_py
running install
running install_lib
running install_data
copying config/fr3_servo_params.yaml -> /workspace/install/fr3_moveit_servo/share/fr3_moveit_servo/config
running install_egg_info
removing '/workspace/install/fr3_moveit_servo/lib/python3.10/site-packages/fr3_moveit_servo-0.0.1-py3.10.egg-info' (and everything under it)
Copying ../../build/fr3_moveit_servo/fr3_moveit_servo.egg-info to /workspace/install/fr3_moveit_servo/lib/python3.10/site-packages/fr3_moveit_servo-0.0.1-py3.10.egg-info
running install_scripts
Installing servo_test_client script to /workspace/install/fr3_moveit_servo/lib/fr3_moveit_servo
writing list of installed files to '/workspace/build/fr3_moveit_servo/install.log'
